<?xml version="1.0" encoding="UTF-8"?>
<!-- Generated by org.testng.reporters.JUnitXMLReporter -->
<testsuite ignored="1" hostname="LAPTOP-OCI7S8VS" failures="0" tests="1" name="Default test" time="17.04" errors="0" timestamp="2025-02-15T23:18:21 IST">
  <testcase classname="test.RegisterTest" name="RegisterWithMandatoryFields" time="10.94"/>
  <testcase classname="test.RegisterTest" name="RegisterWithMandatoryFields_NegativeTC" time="0.0">
    <ignored/>
  </testcase> <!-- RegisterWithMandatoryFields_NegativeTC -->
</testsuite> <!-- Default test -->
