<?xml version="1.0" encoding="UTF-8"?>
<testng-results ignored="1" total="2" passed="1" failed="0" skipped="0">
  <reporter-output>
  </reporter-output>
  <suite started-at="2025-02-15T23:18:04 IST" name="Default suite" finished-at="2025-02-15T23:18:21 IST" duration-ms="17040">
    <groups>
    </groups>
    <test started-at="2025-02-15T23:18:04 IST" name="Default test" finished-at="2025-02-15T23:18:21 IST" duration-ms="17040">
      <class name="test.RegisterTest">
        <test-method is-config="true" signature="setup()[pri:0, instance:test.RegisterTest@235ecd9f]" started-at="2025-02-15T23:18:04 IST" name="setup" finished-at="2025-02-15T23:18:10 IST" duration-ms="5902" status="PASS">
          <reporter-output>
          </reporter-output>
        </test-method> <!-- setup -->
        <test-method signature="RegisterWithMandatoryFields()[pri:1, instance:test.RegisterTest@235ecd9f]" started-at="2025-02-15T23:18:10 IST" name="RegisterWithMandatoryFields" finished-at="2025-02-15T23:18:21 IST" duration-ms="10940" status="PASS">
          <reporter-output>
          </reporter-output>
        </test-method> <!-- RegisterWithMandatoryFields -->
        <test-method is-config="true" signature="tearDown()[pri:0, instance:test.RegisterTest@235ecd9f]" started-at="2025-02-15T23:18:21 IST" name="tearDown" finished-at="2025-02-15T23:18:21 IST" duration-ms="144" status="PASS">
          <reporter-output>
          </reporter-output>
        </test-method> <!-- tearDown -->
      </class> <!-- test.RegisterTest -->
    </test> <!-- Default test -->
  </suite> <!-- Default suite -->
</testng-results>
